<?xml version="1.0" encoding="utf-8"?><testsuites><testsuite name="pytest" errors="0" failures="0" skipped="0" tests="0" time="0.031" timestamp="2022-09-08T16:15:34.712861" hostname="RSL-LAP-100" /></testsuites>